<?xml version="1.0" encoding="UTF-8"?>
<!-- Generated by org.testng.reporters.JUnitReportReporter -->
<testsuite hostname="HP" failures="0" tests="1" name="caw.cawAssignment.Login" time="27.799" errors="0" timestamp="2023-11-23T14:26:24 IST" skipped="0">
  <testcase classname="caw.cawAssignment.Login" name="loginToWebsite" time="27.799"/>
</testsuite> <!-- caw.cawAssignment.Login -->
